#
# There is insufficient memory for the Java Runtime Environment to continue.
# Native memory allocation (malloc) failed to allocate 32744 bytes for ChunkPool::allocate
# Possible reasons:
#   The system is out of physical RAM or swap space
#   The process is running with CompressedOops enabled, and the Java Heap may be blocking the growth of the native heap
# Possible solutions:
#   Reduce memory load on the system
#   Increase physical memory or swap space
#   Check if swap backing store is full
#   Decrease Java heap size (-Xmx/-Xms)
#   Decrease number of Java threads
#   Decrease Java thread stack sizes (-Xss)
#   Set larger code cache with -XX:ReservedCodeCacheSize=
#   JVM is running with Unscaled Compressed Oops mode in which the Java heap is
#     placed in the first 4GB address space. The Java Heap base address is the
#     maximum limit for the native heap growth. Please use -XX:HeapBaseMinAddress
#     to set the Java Heap base and to place the Java Heap above 4GB virtual address.
# This output file may be truncated or incomplete.
#
#  Out of Memory Error (./open/src/hotspot/share/memory/arena.cpp:81), pid=6352, tid=9388
#
# JRE version: Java(TM) SE Runtime Environment 18.9 (11.0.15+8) (build 11.0.15+8-LTS-149)
# Java VM: Java HotSpot(TM) 64-Bit Server VM 18.9 (11.0.15+8-LTS-149, mixed mode, tiered, compressed oops, g1 gc, windows-amd64)
# No core dump will be written. Minidumps are not enabled by default on client versions of Windows
#

---------------  S U M M A R Y ------------

Command Line: -javaagent:C:\Program Files\JetBrains\IntelliJ IDEA Community Edition 2022.2.1\lib\idea_rt.jar=51021:C:\Program Files\JetBrains\IntelliJ IDEA Community Edition 2022.2.1\bin -Dfile.encoding=UTF-8 com.training.example.ConfigServerApplication

Host: Intel(R) Xeon(R) Platinum 8272CL CPU @ 2.60GHz, 2 cores, 7G,  Windows 10 , 64 bit Build 19041 (10.0.19041.1889)
Time: Mon Sep  5 05:16:16 2022 Coordinated Universal Time elapsed time: 888.422906 seconds (0d 0h 14m 48s)

---------------  T H R E A D  ---------------

Current thread (0x000002aa3f158000):  JavaThread "C2 CompilerThread0" daemon [_thread_in_native, id=9388, stack(0x000000b0de000000,0x000000b0de100000)]


Current CompileTask:
C2: 888422 4553       4       org.springframework.boot.context.properties.source.SpringIterableConfigurationPropertySource::containsDescendantOf (102 bytes)

Stack: [0x000000b0de000000,0x000000b0de100000]
Native frames: (J=compiled Java code, j=interpreted, Vv=VM code, C=native code)
V  [jvm.dll+0x629d8a]
V  [jvm.dll+0x7638ff]
V  [jvm.dll+0x764fa9]
V  [jvm.dll+0x765633]
V  [jvm.dll+0x23d9c8]
V  [jvm.dll+0xb2c7b]
V  [jvm.dll+0xb2fdc]
V  [jvm.dll+0x346788]
V  [jvm.dll+0x345c31]
V  [jvm.dll+0x345c74]
V  [jvm.dll+0x522c78]
V  [jvm.dll+0x30e9e2]
V  [jvm.dll+0x30dcfa]
V  [jvm.dll+0x1f8565]
V  [jvm.dll+0x1f774d]
V  [jvm.dll+0x177c51]
V  [jvm.dll+0x207026]
V  [jvm.dll+0x2051bb]
V  [jvm.dll+0x729820]
V  [jvm.dll+0x7223f4]
V  [jvm.dll+0x628c26]
C  [ucrtbase.dll+0x21bb2]
C  [KERNEL32.DLL+0x17034]
C  [ntdll.dll+0x52651]


---------------  P R O C E S S  ---------------

Threads class SMR info:
_java_thread_list=0x000002aa43365be0, length=23, elements={
0x000002aa3f145800, 0x000002aa3f146800, 0x000002aa3fad2800, 0x000002aa3f141800,
0x000002aa3f142800, 0x000002aa3f158000, 0x000002aa3f18b800, 0x000002aa3f18c000,
0x000002aa3f0d6000, 0x000002aa3fed1800, 0x000002aa441c7800, 0x000002aa43606800,
0x000002aa413b0000, 0x000002aa42ab0000, 0x000002aa4383d800, 0x000002aa42eb0800,
0x000002aa21ebc800, 0x000002aa40af6800, 0x000002aa40207800, 0x000002aa40206000,
0x000002aa4020b000, 0x000002aa40209000, 0x000002aa4020a000
}

Java Threads: ( => current thread )
  0x000002aa3f145800 JavaThread "Reference Handler" daemon [_thread_blocked, id=10944, stack(0x000000b0ddb00000,0x000000b0ddc00000)]
  0x000002aa3f146800 JavaThread "Finalizer" daemon [_thread_blocked, id=520, stack(0x000000b0ddc00000,0x000000b0ddd00000)]
  0x000002aa3fad2800 JavaThread "Signal Dispatcher" daemon [_thread_blocked, id=11376, stack(0x000000b0ddd00000,0x000000b0dde00000)]
  0x000002aa3f141800 JavaThread "Attach Listener" daemon [_thread_blocked, id=11364, stack(0x000000b0dde00000,0x000000b0ddf00000)]
  0x000002aa3f142800 JavaThread "Service Thread" daemon [_thread_blocked, id=11480, stack(0x000000b0ddf00000,0x000000b0de000000)]
=>0x000002aa3f158000 JavaThread "C2 CompilerThread0" daemon [_thread_in_native, id=9388, stack(0x000000b0de000000,0x000000b0de100000)]
  0x000002aa3f18b800 JavaThread "C1 CompilerThread0" daemon [_thread_blocked, id=11268, stack(0x000000b0de100000,0x000000b0de200000)]
  0x000002aa3f18c000 JavaThread "Sweeper thread" daemon [_thread_blocked, id=3272, stack(0x000000b0de200000,0x000000b0de300000)]
  0x000002aa3f0d6000 JavaThread "Common-Cleaner" daemon [_thread_blocked, id=540, stack(0x000000b0de300000,0x000000b0de400000)]
  0x000002aa3fed1800 JavaThread "Monitor Ctrl-Break" daemon [_thread_in_native, id=11324, stack(0x000000b0de400000,0x000000b0de500000)]
  0x000002aa441c7800 JavaThread "Catalina-utility-1" [_thread_blocked, id=7596, stack(0x000000b0de600000,0x000000b0de700000)]
  0x000002aa43606800 JavaThread "Catalina-utility-2" [_thread_blocked, id=10732, stack(0x000000b0de800000,0x000000b0de900000)]
  0x000002aa413b0000 JavaThread "container-0" [_thread_blocked, id=10636, stack(0x000000b0de900000,0x000000b0dea00000)]
  0x000002aa42ab0000 JavaThread "spring.cloud.inetutils" daemon [_thread_blocked, id=12092, stack(0x000000b0dea00000,0x000000b0deb00000)]
  0x000002aa4383d800 JavaThread "http-nio-7777-Poller" daemon [_thread_in_native, id=5924, stack(0x000000b0deb00000,0x000000b0dec00000)]
  0x000002aa42eb0800 JavaThread "http-nio-7777-Acceptor" daemon [_thread_in_native, id=9700, stack(0x000000b0dec00000,0x000000b0ded00000)]
  0x000002aa21ebc800 JavaThread "DestroyJavaVM" [_thread_blocked, id=7736, stack(0x000000b0dd400000,0x000000b0dd500000)]
  0x000002aa40af6800 JavaThread "http-nio-7777-exec-1" daemon [_thread_blocked, id=116, stack(0x000000b0dd200000,0x000000b0dd300000)]
  0x000002aa40207800 JavaThread "http-nio-7777-exec-2" daemon [_thread_blocked, id=9088, stack(0x000000b0dd300000,0x000000b0dd400000)]
  0x000002aa40206000 JavaThread "http-nio-7777-exec-3" daemon [_thread_blocked, id=9560, stack(0x000000b0ded00000,0x000000b0dee00000)]
  0x000002aa4020b000 JavaThread "http-nio-7777-exec-4" daemon [_thread_blocked, id=8392, stack(0x000000b0dee00000,0x000000b0def00000)]
  0x000002aa40209000 JavaThread "http-nio-7777-exec-5" daemon [_thread_blocked, id=8172, stack(0x000000b0def00000,0x000000b0df000000)]
  0x000002aa4020a000 JavaThread "http-nio-7777-exec-6" daemon [_thread_blocked, id=3976, stack(0x000000b0df000000,0x000000b0df100000)]

Other Threads:
  0x000002aa3f132000 VMThread "VM Thread" [stack: 0x000000b0dda00000,0x000000b0ddb00000] [id=7964]
  0x000002aa3ffa7000 WatcherThread [stack: 0x000000b0de500000,0x000000b0de600000] [id=6600]
  0x000002aa21ed3000 GCTaskThread "GC Thread#0" [stack: 0x000000b0dd500000,0x000000b0dd600000] [id=7064]
  0x000002aa4001d000 GCTaskThread "GC Thread#1" [stack: 0x000000b0de700000,0x000000b0de800000] [id=1332]
  0x000002aa21f05000 ConcurrentGCThread "G1 Main Marker" [stack: 0x000000b0dd600000,0x000000b0dd700000] [id=10924]
  0x000002aa21f07000 ConcurrentGCThread "G1 Conc#0" [stack: 0x000000b0dd700000,0x000000b0dd800000] [id=12268]
  0x000002aa21f8e800 ConcurrentGCThread "G1 Refine#0" [stack: 0x000000b0dd800000,0x000000b0dd900000] [id=3292]
  0x000002aa21f8f800 ConcurrentGCThread "G1 Young RemSet Sampling" [stack: 0x000000b0dd900000,0x000000b0dda00000] [id=8736]

Threads with active compile tasks:
C2 CompilerThread0 888464 4553       4       org.springframework.boot.context.properties.source.SpringIterableConfigurationPropertySource::containsDescendantOf (102 bytes)

VM state:not at safepoint (normal execution)

VM Mutex/Monitor currently owned by a thread: None

Heap address: 0x0000000080000000, size: 2048 MB, Compressed Oops mode: 32-bit
Narrow klass base: 0x0000000000000000, Narrow klass shift: 3
Compressed class space size: 1073741824 Address: 0x0000000100000000

Heap:
 garbage-first heap   total 157696K, used 102275K [0x0000000080000000, 0x0000000100000000)
  region size 1024K, 91 young (93184K), 7 survivors (7168K)
 Metaspace       used 45182K, capacity 46385K, committed 46720K, reserved 1089536K
  class space    used 5391K, capacity 5891K, committed 6016K, reserved 1048576K
Heap Regions: E=young(eden), S=young(survivor), O=old, HS=humongous(starts), HC=humongous(continues), CS=collection set, F=free, A=archive, TAMS=top-at-mark-start (previous, next)
|   0|0x0000000080000000, 0x0000000080100000, 0x0000000080100000|100%| O|  |TAMS 0x0000000080100000, 0x0000000080000000| Untracked 
|   1|0x0000000080100000, 0x0000000080200000, 0x0000000080200000|100%| O|  |TAMS 0x0000000080200000, 0x0000000080100000| Untracked 
|   2|0x0000000080200000, 0x0000000080300000, 0x0000000080300000|100%| O|  |TAMS 0x0000000080300000, 0x0000000080200000| Untracked 
|   3|0x0000000080300000, 0x0000000080400000, 0x0000000080400000|100%| O|  |TAMS 0x0000000080400000, 0x0000000080300000| Untracked 
|   4|0x0000000080400000, 0x0000000080500000, 0x0000000080500000|100%| O|  |TAMS 0x0000000080500000, 0x0000000080400000| Untracked 
|   5|0x0000000080500000, 0x0000000080600000, 0x0000000080600000|100%| O|  |TAMS 0x0000000080600000, 0x0000000080500000| Untracked 
|   6|0x0000000080600000, 0x000000008067da00, 0x0000000080700000| 49%| O|  |TAMS 0x000000008067da00, 0x0000000080600000| Untracked 
|   7|0x0000000080700000, 0x0000000080800000, 0x0000000080800000|100%|HS|  |TAMS 0x0000000080700000, 0x0000000080700000| Complete 
|   8|0x0000000080800000, 0x0000000080900000, 0x0000000080900000|100%|HS|  |TAMS 0x0000000080800000, 0x0000000080800000| Complete 
|   9|0x0000000080900000, 0x0000000080a00000, 0x0000000080a00000|100%|HC|  |TAMS 0x0000000080900000, 0x0000000080900000| Complete 
|  10|0x0000000080a00000, 0x0000000080b00000, 0x0000000080b00000|100%|HS|  |TAMS 0x0000000080a00000, 0x0000000080a00000| Complete 
|  11|0x0000000080b00000, 0x0000000080c00000, 0x0000000080c00000|100%|HS|  |TAMS 0x0000000080b00000, 0x0000000080b00000| Complete 
|  12|0x0000000080c00000, 0x0000000080c00000, 0x0000000080d00000|  0%| F|  |TAMS 0x0000000080c00000, 0x0000000080c00000| Untracked 
|  13|0x0000000080d00000, 0x0000000080d00000, 0x0000000080e00000|  0%| F|  |TAMS 0x0000000080d00000, 0x0000000080d00000| Untracked 
|  14|0x0000000080e00000, 0x0000000080e00000, 0x0000000080f00000|  0%| F|  |TAMS 0x0000000080e00000, 0x0000000080e00000| Untracked 
|  15|0x0000000080f00000, 0x0000000080f00000, 0x0000000081000000|  0%| F|  |TAMS 0x0000000080f00000, 0x0000000080f00000| Untracked 
|  16|0x0000000081000000, 0x0000000081000000, 0x0000000081100000|  0%| F|  |TAMS 0x0000000081000000, 0x0000000081000000| Untracked 
|  17|0x0000000081100000, 0x0000000081100000, 0x0000000081200000|  0%| F|  |TAMS 0x0000000081100000, 0x0000000081100000| Untracked 
|  18|0x0000000081200000, 0x0000000081200000, 0x0000000081300000|  0%| F|  |TAMS 0x0000000081200000, 0x0000000081200000| Untracked 
|  19|0x0000000081300000, 0x0000000081300000, 0x0000000081400000|  0%| F|  |TAMS 0x0000000081300000, 0x0000000081300000| Untracked 
|  20|0x0000000081400000, 0x0000000081400000, 0x0000000081500000|  0%| F|  |TAMS 0x0000000081400000, 0x0000000081400000| Untracked 
|  21|0x0000000081500000, 0x0000000081500000, 0x0000000081600000|  0%| F|  |TAMS 0x0000000081500000, 0x0000000081500000| Untracked 
|  22|0x0000000081600000, 0x0000000081600000, 0x0000000081700000|  0%| F|  |TAMS 0x0000000081600000, 0x0000000081600000| Untracked 
|  23|0x0000000081700000, 0x0000000081700000, 0x0000000081800000|  0%| F|  |TAMS 0x0000000081700000, 0x0000000081700000| Untracked 
|  24|0x0000000081800000, 0x0000000081800000, 0x0000000081900000|  0%| F|  |TAMS 0x0000000081800000, 0x0000000081800000| Untracked 
|  25|0x0000000081900000, 0x0000000081900000, 0x0000000081a00000|  0%| F|  |TAMS 0x0000000081900000, 0x0000000081900000| Untracked 
|  26|0x0000000081a00000, 0x0000000081a00000, 0x0000000081b00000|  0%| F|  |TAMS 0x0000000081a00000, 0x0000000081a00000| Untracked 
|  27|0x0000000081b00000, 0x0000000081b00000, 0x0000000081c00000|  0%| F|  |TAMS 0x0000000081b00000, 0x0000000081b00000| Untracked 
|  28|0x0000000081c00000, 0x0000000081c00000, 0x0000000081d00000|  0%| F|  |TAMS 0x0000000081c00000, 0x0000000081c00000| Untracked 
|  29|0x0000000081d00000, 0x0000000081d00000, 0x0000000081e00000|  0%| F|  |TAMS 0x0000000081d00000, 0x0000000081d00000| Untracked 
|  30|0x0000000081e00000, 0x0000000081e00000, 0x0000000081f00000|  0%| F|  |TAMS 0x0000000081e00000, 0x0000000081e00000| Untracked 
|  31|0x0000000081f00000, 0x0000000081f00000, 0x0000000082000000|  0%| F|  |TAMS 0x0000000081f00000, 0x0000000081f00000| Untracked 
|  32|0x0000000082000000, 0x0000000082000000, 0x0000000082100000|  0%| F|  |TAMS 0x0000000082000000, 0x0000000082000000| Untracked 
|  33|0x0000000082100000, 0x0000000082100000, 0x0000000082200000|  0%| F|  |TAMS 0x0000000082100000, 0x0000000082100000| Untracked 
|  34|0x0000000082200000, 0x0000000082200000, 0x0000000082300000|  0%| F|  |TAMS 0x0000000082200000, 0x0000000082200000| Untracked 
|  35|0x0000000082300000, 0x0000000082300000, 0x0000000082400000|  0%| F|  |TAMS 0x0000000082300000, 0x0000000082300000| Untracked 
|  36|0x0000000082400000, 0x0000000082400000, 0x0000000082500000|  0%| F|  |TAMS 0x0000000082400000, 0x0000000082400000| Untracked 
|  37|0x0000000082500000, 0x0000000082500000, 0x0000000082600000|  0%| F|  |TAMS 0x0000000082500000, 0x0000000082500000| Untracked 
|  38|0x0000000082600000, 0x0000000082600000, 0x0000000082700000|  0%| F|  |TAMS 0x0000000082600000, 0x0000000082600000| Untracked 
|  39|0x0000000082700000, 0x0000000082700000, 0x0000000082800000|  0%| F|  |TAMS 0x0000000082700000, 0x0000000082700000| Untracked 
|  40|0x0000000082800000, 0x0000000082800000, 0x0000000082900000|  0%| F|  |TAMS 0x0000000082800000, 0x0000000082800000| Untracked 
|  41|0x0000000082900000, 0x0000000082900000, 0x0000000082a00000|  0%| F|  |TAMS 0x0000000082900000, 0x0000000082900000| Untracked 
|  42|0x0000000082a00000, 0x0000000082a00000, 0x0000000082b00000|  0%| F|  |TAMS 0x0000000082a00000, 0x0000000082a00000| Untracked 
|  43|0x0000000082b00000, 0x0000000082b00000, 0x0000000082c00000|  0%| F|  |TAMS 0x0000000082b00000, 0x0000000082b00000| Untracked 
|  44|0x0000000082c00000, 0x0000000082c00000, 0x0000000082d00000|  0%| F|  |TAMS 0x0000000082c00000, 0x0000000082c00000| Untracked 
|  45|0x0000000082d00000, 0x0000000082d00000, 0x0000000082e00000|  0%| F|  |TAMS 0x0000000082d00000, 0x0000000082d00000| Untracked 
|  46|0x0000000082e00000, 0x0000000082e00000, 0x0000000082f00000|  0%| F|  |TAMS 0x0000000082e00000, 0x0000000082e00000| Untracked 
|  47|0x0000000082f00000, 0x0000000082f00000, 0x0000000083000000|  0%| F|  |TAMS 0x0000000082f00000, 0x0000000082f00000| Untracked 
|  48|0x0000000083000000, 0x0000000083000000, 0x0000000083100000|  0%| F|  |TAMS 0x0000000083000000, 0x0000000083000000| Untracked 
|  49|0x0000000083100000, 0x0000000083100000, 0x0000000083200000|  0%| F|  |TAMS 0x0000000083100000, 0x0000000083100000| Untracked 
|  50|0x0000000083200000, 0x0000000083200000, 0x0000000083300000|  0%| F|  |TAMS 0x0000000083200000, 0x0000000083200000| Untracked 
|  51|0x0000000083300000, 0x0000000083300000, 0x0000000083400000|  0%| F|  |TAMS 0x0000000083300000, 0x0000000083300000| Untracked 
|  52|0x0000000083400000, 0x0000000083400000, 0x0000000083500000|  0%| F|  |TAMS 0x0000000083400000, 0x0000000083400000| Untracked 
|  53|0x0000000083500000, 0x0000000083500000, 0x0000000083600000|  0%| F|  |TAMS 0x0000000083500000, 0x0000000083500000| Untracked 
|  54|0x0000000083600000, 0x0000000083600000, 0x0000000083700000|  0%| F|  |TAMS 0x0000000083600000, 0x0000000083600000| Untracked 
|  55|0x0000000083700000, 0x0000000083700000, 0x0000000083800000|  0%| F|  |TAMS 0x0000000083700000, 0x0000000083700000| Untracked 
|  56|0x0000000083800000, 0x0000000083800000, 0x0000000083900000|  0%| F|  |TAMS 0x0000000083800000, 0x0000000083800000| Untracked 
|  57|0x0000000083900000, 0x0000000083900000, 0x0000000083a00000|  0%| F|  |TAMS 0x0000000083900000, 0x0000000083900000| Untracked 
|  58|0x0000000083a00000, 0x0000000083a00000, 0x0000000083b00000|  0%| F|  |TAMS 0x0000000083a00000, 0x0000000083a00000| Untracked 
|  59|0x0000000083b00000, 0x0000000083b00000, 0x0000000083c00000|  0%| F|  |TAMS 0x0000000083b00000, 0x0000000083b00000| Untracked 
|  60|0x0000000083c00000, 0x0000000083c00000, 0x0000000083d00000|  0%| F|  |TAMS 0x0000000083c00000, 0x0000000083c00000| Untracked 
|  61|0x0000000083d00000, 0x0000000083d00000, 0x0000000083e00000|  0%| F|  |TAMS 0x0000000083d00000, 0x0000000083d00000| Untracked 
|  62|0x0000000083e00000, 0x0000000083e00000, 0x0000000083f00000|  0%| F|  |TAMS 0x0000000083e00000, 0x0000000083e00000| Untracked 
|  63|0x0000000083f00000, 0x0000000084000000, 0x0000000084000000|100%| E|  |TAMS 0x0000000083f00000, 0x0000000083f00000| Complete 
|  64|0x0000000084000000, 0x0000000084100000, 0x0000000084100000|100%| E|CS|TAMS 0x0000000084000000, 0x0000000084000000| Complete 
|  65|0x0000000084100000, 0x0000000084200000, 0x0000000084200000|100%| E|CS|TAMS 0x0000000084100000, 0x0000000084100000| Complete 
|  66|0x0000000084200000, 0x0000000084300000, 0x0000000084300000|100%| E|CS|TAMS 0x0000000084200000, 0x0000000084200000| Complete 
|  67|0x0000000084300000, 0x0000000084400000, 0x0000000084400000|100%| E|CS|TAMS 0x0000000084300000, 0x0000000084300000| Complete 
|  68|0x0000000084400000, 0x0000000084500000, 0x0000000084500000|100%| E|CS|TAMS 0x0000000084400000, 0x0000000084400000| Complete 
|  69|0x0000000084500000, 0x0000000084600000, 0x0000000084600000|100%| E|CS|TAMS 0x0000000084500000, 0x0000000084500000| Complete 
|  70|0x0000000084600000, 0x0000000084700000, 0x0000000084700000|100%| E|CS|TAMS 0x0000000084600000, 0x0000000084600000| Complete 
|  71|0x0000000084700000, 0x0000000084800000, 0x0000000084800000|100%| E|CS|TAMS 0x0000000084700000, 0x0000000084700000| Complete 
|  72|0x0000000084800000, 0x0000000084900000, 0x0000000084900000|100%| E|CS|TAMS 0x0000000084800000, 0x0000000084800000| Complete 
|  73|0x0000000084900000, 0x0000000084a00000, 0x0000000084a00000|100%| E|CS|TAMS 0x0000000084900000, 0x0000000084900000| Complete 
|  74|0x0000000084a00000, 0x0000000084b00000, 0x0000000084b00000|100%| E|CS|TAMS 0x0000000084a00000, 0x0000000084a00000| Complete 
|  75|0x0000000084b00000, 0x0000000084c00000, 0x0000000084c00000|100%| E|CS|TAMS 0x0000000084b00000, 0x0000000084b00000| Complete 
|  76|0x0000000084c00000, 0x0000000084d00000, 0x0000000084d00000|100%| E|CS|TAMS 0x0000000084c00000, 0x0000000084c00000| Complete 
|  77|0x0000000084d00000, 0x0000000084e00000, 0x0000000084e00000|100%| E|CS|TAMS 0x0000000084d00000, 0x0000000084d00000| Complete 
|  78|0x0000000084e00000, 0x0000000084f00000, 0x0000000084f00000|100%| E|CS|TAMS 0x0000000084e00000, 0x0000000084e00000| Complete 
|  79|0x0000000084f00000, 0x0000000085000000, 0x0000000085000000|100%| E|CS|TAMS 0x0000000084f00000, 0x0000000084f00000| Complete 
|  80|0x0000000085000000, 0x0000000085100000, 0x0000000085100000|100%| E|CS|TAMS 0x0000000085000000, 0x0000000085000000| Complete 
|  81|0x0000000085100000, 0x0000000085200000, 0x0000000085200000|100%| E|CS|TAMS 0x0000000085100000, 0x0000000085100000| Complete 
|  82|0x0000000085200000, 0x0000000085300000, 0x0000000085300000|100%| E|CS|TAMS 0x0000000085200000, 0x0000000085200000| Complete 
|  83|0x0000000085300000, 0x0000000085400000, 0x0000000085400000|100%| E|CS|TAMS 0x0000000085300000, 0x0000000085300000| Complete 
|  84|0x0000000085400000, 0x0000000085500000, 0x0000000085500000|100%| E|CS|TAMS 0x0000000085400000, 0x0000000085400000| Complete 
|  85|0x0000000085500000, 0x0000000085600000, 0x0000000085600000|100%| E|CS|TAMS 0x0000000085500000, 0x0000000085500000| Complete 
|  86|0x0000000085600000, 0x0000000085700000, 0x0000000085700000|100%| E|CS|TAMS 0x0000000085600000, 0x0000000085600000| Complete 
|  87|0x0000000085700000, 0x0000000085800000, 0x0000000085800000|100%| E|CS|TAMS 0x0000000085700000, 0x0000000085700000| Complete 
|  88|0x0000000085800000, 0x0000000085900000, 0x0000000085900000|100%| E|CS|TAMS 0x0000000085800000, 0x0000000085800000| Complete 
|  89|0x0000000085900000, 0x0000000085a00000, 0x0000000085a00000|100%| E|CS|TAMS 0x0000000085900000, 0x0000000085900000| Complete 
|  90|0x0000000085a00000, 0x0000000085b00000, 0x0000000085b00000|100%| E|CS|TAMS 0x0000000085a00000, 0x0000000085a00000| Complete 
|  91|0x0000000085b00000, 0x0000000085c00000, 0x0000000085c00000|100%| E|CS|TAMS 0x0000000085b00000, 0x0000000085b00000| Complete 
|  92|0x0000000085c00000, 0x0000000085d00000, 0x0000000085d00000|100%| E|CS|TAMS 0x0000000085c00000, 0x0000000085c00000| Complete 
|  93|0x0000000085d00000, 0x0000000085e00000, 0x0000000085e00000|100%| E|CS|TAMS 0x0000000085d00000, 0x0000000085d00000| Complete 
|  94|0x0000000085e00000, 0x0000000085f00000, 0x0000000085f00000|100%| E|CS|TAMS 0x0000000085e00000, 0x0000000085e00000| Complete 
|  95|0x0000000085f00000, 0x0000000086000000, 0x0000000086000000|100%| E|CS|TAMS 0x0000000085f00000, 0x0000000085f00000| Complete 
|  96|0x0000000086000000, 0x0000000086100000, 0x0000000086100000|100%| E|CS|TAMS 0x0000000086000000, 0x0000000086000000| Complete 
|  97|0x0000000086100000, 0x0000000086200000, 0x0000000086200000|100%| E|CS|TAMS 0x0000000086100000, 0x0000000086100000| Complete 
|  98|0x0000000086200000, 0x0000000086300000, 0x0000000086300000|100%| E|CS|TAMS 0x0000000086200000, 0x0000000086200000| Complete 
|  99|0x0000000086300000, 0x0000000086400000, 0x0000000086400000|100%| E|CS|TAMS 0x0000000086300000, 0x0000000086300000| Complete 
| 100|0x0000000086400000, 0x0000000086500000, 0x0000000086500000|100%| E|CS|TAMS 0x0000000086400000, 0x0000000086400000| Complete 
| 101|0x0000000086500000, 0x0000000086600000, 0x0000000086600000|100%| E|CS|TAMS 0x0000000086500000, 0x0000000086500000| Complete 
| 102|0x0000000086600000, 0x0000000086700000, 0x0000000086700000|100%| E|CS|TAMS 0x0000000086600000, 0x0000000086600000| Complete 
| 103|0x0000000086700000, 0x0000000086800000, 0x0000000086800000|100%| E|CS|TAMS 0x0000000086700000, 0x0000000086700000| Complete 
| 104|0x0000000086800000, 0x0000000086900000, 0x0000000086900000|100%| E|CS|TAMS 0x0000000086800000, 0x0000000086800000| Complete 
| 105|0x0000000086900000, 0x0000000086a00000, 0x0000000086a00000|100%| E|CS|TAMS 0x0000000086900000, 0x0000000086900000| Complete 
| 106|0x0000000086a00000, 0x0000000086b00000, 0x0000000086b00000|100%| E|CS|TAMS 0x0000000086a00000, 0x0000000086a00000| Complete 
| 107|0x0000000086b00000, 0x0000000086c00000, 0x0000000086c00000|100%| E|CS|TAMS 0x0000000086b00000, 0x0000000086b00000| Complete 
| 108|0x0000000086c00000, 0x0000000086d00000, 0x0000000086d00000|100%| E|CS|TAMS 0x0000000086c00000, 0x0000000086c00000| Complete 
| 109|0x0000000086d00000, 0x0000000086e00000, 0x0000000086e00000|100%| E|CS|TAMS 0x0000000086d00000, 0x0000000086d00000| Complete 
| 110|0x0000000086e00000, 0x0000000086f00000, 0x0000000086f00000|100%| E|CS|TAMS 0x0000000086e00000, 0x0000000086e00000| Complete 
| 111|0x0000000086f00000, 0x0000000087000000, 0x0000000087000000|100%| E|CS|TAMS 0x0000000086f00000, 0x0000000086f00000| Complete 
| 112|0x0000000087000000, 0x0000000087100000, 0x0000000087100000|100%| E|CS|TAMS 0x0000000087000000, 0x0000000087000000| Complete 
| 113|0x0000000087100000, 0x0000000087200000, 0x0000000087200000|100%| E|CS|TAMS 0x0000000087100000, 0x0000000087100000| Complete 
| 114|0x0000000087200000, 0x0000000087300000, 0x0000000087300000|100%| E|CS|TAMS 0x0000000087200000, 0x0000000087200000| Complete 
| 115|0x0000000087300000, 0x0000000087400000, 0x0000000087400000|100%| E|CS|TAMS 0x0000000087300000, 0x0000000087300000| Complete 
| 116|0x0000000087400000, 0x0000000087500000, 0x0000000087500000|100%| E|CS|TAMS 0x0000000087400000, 0x0000000087400000| Complete 
| 117|0x0000000087500000, 0x0000000087600000, 0x0000000087600000|100%| E|CS|TAMS 0x0000000087500000, 0x0000000087500000| Complete 
| 118|0x0000000087600000, 0x0000000087700000, 0x0000000087700000|100%| E|CS|TAMS 0x0000000087600000, 0x0000000087600000| Complete 
| 119|0x0000000087700000, 0x0000000087800000, 0x0000000087800000|100%| E|CS|TAMS 0x0000000087700000, 0x0000000087700000| Complete 
| 120|0x0000000087800000, 0x0000000087863388, 0x0000000087900000| 38%| S|CS|TAMS 0x0000000087800000, 0x0000000087800000| Complete 
| 121|0x0000000087900000, 0x0000000087a00000, 0x0000000087a00000|100%| S|CS|TAMS 0x0000000087900000, 0x0000000087900000| Complete 
| 122|0x0000000087a00000, 0x0000000087b00000, 0x0000000087b00000|100%| S|CS|TAMS 0x0000000087a00000, 0x0000000087a00000| Complete 
| 123|0x0000000087b00000, 0x0000000087c00000, 0x0000000087c00000|100%| S|CS|TAMS 0x0000000087b00000, 0x0000000087b00000| Complete 
| 124|0x0000000087c00000, 0x0000000087d00000, 0x0000000087d00000|100%| S|CS|TAMS 0x0000000087c00000, 0x0000000087c00000| Complete 
| 125|0x0000000087d00000, 0x0000000087e00000, 0x0000000087e00000|100%| S|CS|TAMS 0x0000000087d00000, 0x0000000087d00000| Complete 
| 126|0x0000000087e00000, 0x0000000087f00000, 0x0000000087f00000|100%| S|CS|TAMS 0x0000000087e00000, 0x0000000087e00000| Complete 
| 127|0x0000000087f00000, 0x0000000088000000, 0x0000000088000000|100%| E|CS|TAMS 0x0000000087f00000, 0x0000000087f00000| Complete 
| 128|0x0000000088000000, 0x0000000088100000, 0x0000000088100000|100%| E|CS|TAMS 0x0000000088000000, 0x0000000088000000| Complete 
| 129|0x0000000088100000, 0x0000000088200000, 0x0000000088200000|100%| E|CS|TAMS 0x0000000088100000, 0x0000000088100000| Complete 
| 130|0x0000000088200000, 0x0000000088300000, 0x0000000088300000|100%| E|CS|TAMS 0x0000000088200000, 0x0000000088200000| Complete 
| 131|0x0000000088300000, 0x0000000088400000, 0x0000000088400000|100%| E|CS|TAMS 0x0000000088300000, 0x0000000088300000| Complete 
| 132|0x0000000088400000, 0x0000000088500000, 0x0000000088500000|100%| E|CS|TAMS 0x0000000088400000, 0x0000000088400000| Complete 
| 133|0x0000000088500000, 0x0000000088600000, 0x0000000088600000|100%| E|CS|TAMS 0x0000000088500000, 0x0000000088500000| Complete 
| 134|0x0000000088600000, 0x0000000088700000, 0x0000000088700000|100%| E|CS|TAMS 0x0000000088600000, 0x0000000088600000| Complete 
| 135|0x0000000088700000, 0x0000000088800000, 0x0000000088800000|100%| E|CS|TAMS 0x0000000088700000, 0x0000000088700000| Complete 
| 136|0x0000000088800000, 0x0000000088900000, 0x0000000088900000|100%| E|CS|TAMS 0x0000000088800000, 0x0000000088800000| Complete 
| 137|0x0000000088900000, 0x0000000088a00000, 0x0000000088a00000|100%| E|CS|TAMS 0x0000000088900000, 0x0000000088900000| Complete 
| 138|0x0000000088a00000, 0x0000000088b00000, 0x0000000088b00000|100%| E|CS|TAMS 0x0000000088a00000, 0x0000000088a00000| Complete 
| 139|0x0000000088b00000, 0x0000000088c00000, 0x0000000088c00000|100%| E|CS|TAMS 0x0000000088b00000, 0x0000000088b00000| Complete 
| 140|0x0000000088c00000, 0x0000000088d00000, 0x0000000088d00000|100%| E|  |TAMS 0x0000000088c00000, 0x0000000088c00000| Complete 
| 141|0x0000000088d00000, 0x0000000088e00000, 0x0000000088e00000|100%| E|CS|TAMS 0x0000000088d00000, 0x0000000088d00000| Complete 
| 142|0x0000000088e00000, 0x0000000088f00000, 0x0000000088f00000|100%| E|CS|TAMS 0x0000000088e00000, 0x0000000088e00000| Complete 
| 143|0x0000000088f00000, 0x0000000089000000, 0x0000000089000000|100%| E|CS|TAMS 0x0000000088f00000, 0x0000000088f00000| Complete 
| 144|0x0000000089000000, 0x0000000089100000, 0x0000000089100000|100%| E|CS|TAMS 0x0000000089000000, 0x0000000089000000| Complete 
| 145|0x0000000089100000, 0x0000000089200000, 0x0000000089200000|100%| E|CS|TAMS 0x0000000089100000, 0x0000000089100000| Complete 
| 146|0x0000000089200000, 0x0000000089300000, 0x0000000089300000|100%| E|CS|TAMS 0x0000000089200000, 0x0000000089200000| Complete 
| 147|0x0000000089300000, 0x0000000089400000, 0x0000000089400000|100%| E|CS|TAMS 0x0000000089300000, 0x0000000089300000| Complete 
| 148|0x0000000089400000, 0x0000000089500000, 0x0000000089500000|100%| E|CS|TAMS 0x0000000089400000, 0x0000000089400000| Complete 
| 149|0x0000000089500000, 0x0000000089600000, 0x0000000089600000|100%| E|CS|TAMS 0x0000000089500000, 0x0000000089500000| Complete 
| 150|0x0000000089600000, 0x0000000089700000, 0x0000000089700000|100%| E|CS|TAMS 0x0000000089600000, 0x0000000089600000| Complete 
| 151|0x0000000089700000, 0x0000000089800000, 0x0000000089800000|100%| E|CS|TAMS 0x0000000089700000, 0x0000000089700000| Complete 
| 152|0x0000000089800000, 0x0000000089900000, 0x0000000089900000|100%| E|CS|TAMS 0x0000000089800000, 0x0000000089800000| Complete 
| 153|0x0000000089900000, 0x0000000089a00000, 0x0000000089a00000|100%| E|CS|TAMS 0x0000000089900000, 0x0000000089900000| Complete 

Card table byte_map: [0x000002aa38570000,0x000002aa38970000] _byte_map_base: 0x000002aa38170000

Marking Bits (Prev, Next): (CMBitMap*) 0x000002aa21efc208, (CMBitMap*) 0x000002aa21efc240
 Prev Bits: [0x000002aa38d70000, 0x000002aa3ad70000)
 Next Bits: [0x000002aa3ad70000, 0x000002aa3cd70000)

Polling page: 0x000002aa1fe10000

Metaspace:

Usage:
  Non-class:     39.54 MB capacity,    38.86 MB ( 98%) used,   555.89 KB (  1%) free+waste,   147.19 KB ( <1%) overhead. 
      Class:      5.75 MB capacity,     5.27 MB ( 92%) used,   429.03 KB (  7%) free+waste,    70.44 KB (  1%) overhead. 
       Both:     45.30 MB capacity,    44.12 MB ( 97%) used,   984.92 KB (  2%) free+waste,   217.63 KB ( <1%) overhead. 

Virtual space:
  Non-class space:       40.00 MB reserved,      39.75 MB (>99%) committed 
      Class space:        1.00 GB reserved,       5.88 MB ( <1%) committed 
             Both:        1.04 GB reserved,      45.63 MB (  4%) committed 

Chunk freelists:
   Non-Class:  2.25 KB
       Class:  0 bytes
        Both:  2.25 KB

CodeHeap 'non-profiled nmethods': size=120064Kb used=2162Kb max_used=2162Kb free=117901Kb
 bounds [0x000002aa31030000, 0x000002aa312a0000, 0x000002aa38570000]
CodeHeap 'profiled nmethods': size=120000Kb used=9248Kb max_used=9248Kb free=110751Kb
 bounds [0x000002aa29b00000, 0x000002aa2a410000, 0x000002aa31030000]
CodeHeap 'non-nmethods': size=5696Kb used=1174Kb max_used=1216Kb free=4521Kb
 bounds [0x000002aa29570000, 0x000002aa297e0000, 0x000002aa29b00000]
 total_blobs=5033 nmethods=4530 adapters=414
 compilation: enabled
              stopped_count=0, restarted_count=0
 full_count=0

Compilation events (10 events):
Event: 888.135 Thread 0x000002aa3f18b800 4575       1       org.apache.tomcat.util.buf.MessageBytes::getByteChunk (5 bytes)
Event: 888.135 Thread 0x000002aa3f18b800 nmethod 4575 0x000002aa3124be10 code [0x000002aa3124bfa0, 0x000002aa3124c058]
Event: 888.135 Thread 0x000002aa3f18b800 4576       1       org.apache.tomcat.util.buf.ByteChunk::getBuffer (5 bytes)
Event: 888.136 Thread 0x000002aa3f18b800 nmethod 4576 0x000002aa3124c110 code [0x000002aa3124c2a0, 0x000002aa3124c358]
Event: 888.136 Thread 0x000002aa3f18b800 4577       1       org.apache.tomcat.util.net.SocketWrapperBase::getSocket (5 bytes)
Event: 888.136 Thread 0x000002aa3f18b800 nmethod 4577 0x000002aa3124c410 code [0x000002aa3124c5a0, 0x000002aa3124c658]
Event: 888.136 Thread 0x000002aa3f18b800 4578       1       org.apache.catalina.connector.Response::getCoyoteResponse (5 bytes)
Event: 888.136 Thread 0x000002aa3f18b800 nmethod 4578 0x000002aa3124c710 code [0x000002aa3124c8a0, 0x000002aa3124c958]
Event: 888.191 Thread 0x000002aa3f18b800 4579       3       org.apache.tomcat.util.buf.MessageBytes::recycle (40 bytes)
Event: 888.192 Thread 0x000002aa3f18b800 nmethod 4579 0x000002aa2a407b90 code [0x000002aa2a407d40, 0x000002aa2a408098]

GC Heap History (10 events):
Event: 2.301 GC heap before
{Heap before GC invocations=3 (full 0):
 garbage-first heap   total 131072K, used 20077K [0x0000000080000000, 0x0000000100000000)
  region size 1024K, 16 young (16384K), 2 survivors (2048K)
 Metaspace       used 17017K, capacity 17446K, committed 17664K, reserved 1064960K
  class space    used 1829K, capacity 2007K, committed 2048K, reserved 1048576K
}
Event: 2.311 GC heap after
{Heap after GC invocations=4 (full 0):
 garbage-first heap   total 131072K, used 6872K [0x0000000080000000, 0x0000000100000000)
  region size 1024K, 2 young (2048K), 2 survivors (2048K)
 Metaspace       used 17017K, capacity 17446K, committed 17664K, reserved 1064960K
  class space    used 1829K, capacity 2007K, committed 2048K, reserved 1048576K
}
Event: 3.053 GC heap before
{Heap before GC invocations=4 (full 0):
 garbage-first heap   total 131072K, used 24280K [0x0000000080000000, 0x0000000100000000)
  region size 1024K, 20 young (20480K), 2 survivors (2048K)
 Metaspace       used 20729K, capacity 21172K, committed 21248K, reserved 1069056K
  class space    used 2334K, capacity 2543K, committed 2560K, reserved 1048576K
}
Event: 3.064 GC heap after
{Heap after GC invocations=5 (full 0):
 garbage-first heap   total 157696K, used 7692K [0x0000000080000000, 0x0000000100000000)
  region size 1024K, 2 young (2048K), 2 survivors (2048K)
 Metaspace       used 20729K, capacity 21172K, committed 21248K, reserved 1069056K
  class space    used 2334K, capacity 2543K, committed 2560K, reserved 1048576K
}
Event: 3.701 GC heap before
{Heap before GC invocations=6 (full 0):
 garbage-first heap   total 157696K, used 34316K [0x0000000080000000, 0x0000000100000000)
  region size 1024K, 29 young (29696K), 2 survivors (2048K)
 Metaspace       used 23873K, capacity 24386K, committed 24576K, reserved 1071104K
  class space    used 2809K, capacity 3036K, committed 3072K, reserved 1048576K
}
Event: 3.710 GC heap after
{Heap after GC invocations=7 (full 0):
 garbage-first heap   total 157696K, used 9083K [0x0000000080000000, 0x0000000100000000)
  region size 1024K, 4 young (4096K), 4 survivors (4096K)
 Metaspace       used 23873K, capacity 24386K, committed 24576K, reserved 1071104K
  class space    used 2809K, capacity 3036K, committed 3072K, reserved 1048576K
}
Event: 4.951 GC heap before
{Heap before GC invocations=7 (full 0):
 garbage-first heap   total 157696K, used 50043K [0x0000000080000000, 0x0000000100000000)
  region size 1024K, 44 young (45056K), 4 survivors (4096K)
 Metaspace       used 30535K, capacity 31239K, committed 31488K, reserved 1077248K
  class space    used 3556K, capacity 3830K, committed 3840K, reserved 1048576K
}
Event: 4.966 GC heap after
{Heap after GC invocations=8 (full 0):
 garbage-first heap   total 157696K, used 11331K [0x0000000080000000, 0x0000000100000000)
  region size 1024K, 5 young (5120K), 5 survivors (5120K)
 Metaspace       used 30535K, capacity 31239K, committed 31488K, reserved 1077248K
  class space    used 3556K, capacity 3830K, committed 3840K, reserved 1048576K
}
Event: 6.188 GC heap before
{Heap before GC invocations=8 (full 0):
 garbage-first heap   total 157696K, used 37955K [0x0000000080000000, 0x0000000100000000)
  region size 1024K, 32 young (32768K), 5 survivors (5120K)
 Metaspace       used 34834K, capacity 35719K, committed 35840K, reserved 1081344K
  class space    used 4132K, capacity 4487K, committed 4608K, reserved 1048576K
}
Event: 6.205 GC heap after
{Heap after GC invocations=9 (full 0):
 garbage-first heap   total 157696K, used 13187K [0x0000000080000000, 0x0000000100000000)
  region size 1024K, 7 young (7168K), 7 survivors (7168K)
 Metaspace       used 34834K, capacity 35719K, committed 35840K, reserved 1081344K
  class space    used 4132K, capacity 4487K, committed 4608K, reserved 1048576K
}

Deoptimization events (10 events):
Event: 443.007 Thread 0x000002aa40af6800 Uncommon trap: reason=profile_predicate action=maybe_recompile pc=0x000002aa31231500 method=java.lang.PublicMethods$MethodList.filter([Ljava/lang/reflect/Method;Ljava/lang/String;[Ljava/lang/Class;Z)Ljava/lang/PublicMethods$MethodList; @ 21 c2
Event: 443.009 Thread 0x000002aa40af6800 Uncommon trap: reason=profile_predicate action=maybe_recompile pc=0x000002aa31231500 method=java.lang.PublicMethods$MethodList.filter([Ljava/lang/reflect/Method;Ljava/lang/String;[Ljava/lang/Class;Z)Ljava/lang/PublicMethods$MethodList; @ 21 c2
Event: 443.009 Thread 0x000002aa40af6800 Uncommon trap: reason=profile_predicate action=maybe_recompile pc=0x000002aa31231500 method=java.lang.PublicMethods$MethodList.filter([Ljava/lang/reflect/Method;Ljava/lang/String;[Ljava/lang/Class;Z)Ljava/lang/PublicMethods$MethodList; @ 21 c2
Event: 443.009 Thread 0x000002aa40af6800 Uncommon trap: reason=profile_predicate action=maybe_recompile pc=0x000002aa31231500 method=java.lang.PublicMethods$MethodList.filter([Ljava/lang/reflect/Method;Ljava/lang/String;[Ljava/lang/Class;Z)Ljava/lang/PublicMethods$MethodList; @ 21 c2
Event: 513.178 Thread 0x000002aa40206000 Uncommon trap: reason=array_check action=maybe_recompile pc=0x000002aa31234514 method=java.util.concurrent.ConcurrentHashMap$CollectionView.toArray([Ljava/lang/Object;)[Ljava/lang/Object; @ 158 c2
Event: 513.213 Thread 0x000002aa40206000 Uncommon trap: reason=array_check action=maybe_recompile pc=0x000002aa31234514 method=java.util.concurrent.ConcurrentHashMap$CollectionView.toArray([Ljava/lang/Object;)[Ljava/lang/Object; @ 158 c2
Event: 888.090 Thread 0x000002aa4020a000 Uncommon trap: reason=profile_predicate action=maybe_recompile pc=0x000002aa31242644 method=org.springframework.boot.context.properties.source.ConfigurationPropertyName$Elements.canShortcutWithSource(Lorg/springframework/boot/context/properties/source/Con
Event: 888.090 Thread 0x000002aa4020a000 Uncommon trap: reason=profile_predicate action=maybe_recompile pc=0x000002aa31242644 method=org.springframework.boot.context.properties.source.ConfigurationPropertyName$Elements.canShortcutWithSource(Lorg/springframework/boot/context/properties/source/Con
Event: 888.105 Thread 0x000002aa4020a000 Uncommon trap: reason=profile_predicate action=maybe_recompile pc=0x000002aa31242644 method=org.springframework.boot.context.properties.source.ConfigurationPropertyName$Elements.canShortcutWithSource(Lorg/springframework/boot/context/properties/source/Con
Event: 888.105 Thread 0x000002aa4020a000 Uncommon trap: reason=profile_predicate action=maybe_recompile pc=0x000002aa31242644 method=org.springframework.boot.context.properties.source.ConfigurationPropertyName$Elements.canShortcutWithSource(Lorg/springframework/boot/context/properties/source/Con

Classes redefined (0 events):
No events

Internal exceptions (10 events):
Event: 8.266 Thread 0x000002aa21ebc800 Exception <a 'java/lang/ClassNotFoundException'{0x000000008545f858}: org/springframework/beans/factory/AwareCustomizer> (0x000000008545f858) thrown at [./open/src/hotspot/share/classfile/systemDictionary.cpp, line 226]
Event: 8.267 Thread 0x000002aa21ebc800 Exception <a 'java/lang/ClassNotFoundException'{0x000000008546c180}: org/springframework/aop/framework/AopInfrastructureBeanCustomizer> (0x000000008546c180) thrown at [./open/src/hotspot/share/classfile/systemDictionary.cpp, line 226]
Event: 8.365 Thread 0x000002aa21ebc800 Exception <a 'java/lang/NoSuchMethodError'{0x0000000085289118}: java.lang.invoke.DirectMethodHandle$Holder.invokeSpecial(Ljava/lang/Object;Ljava/lang/Object;ILjava/lang/Object;ILjava/lang/Object;)Ljava/lang/Object;> (0x0000000085289118) thrown at [./open/
Event: 8.365 Thread 0x000002aa21ebc800 Exception <a 'java/lang/NoSuchMethodError'{0x00000000852905f8}: java.lang.invoke.DirectMethodHandle$Holder.invokeStatic(Ljava/lang/Object;Ljava/lang/Object;ILjava/lang/Object;I)Ljava/lang/Object;> (0x00000000852905f8) thrown at [./open/src/hotspot/share/i
Event: 8.366 Thread 0x000002aa21ebc800 Exception <a 'java/lang/NoSuchMethodError'{0x0000000085293dd0}: java.lang.invoke.DirectMethodHandle$Holder.invokeSpecial(Ljava/lang/Object;Ljava/lang/Object;Ljava/lang/Object;ILjava/lang/Object;I)Ljava/lang/Object;> (0x0000000085293dd0) thrown at [./open/
Event: 8.367 Thread 0x000002aa21ebc800 Exception <a 'java/lang/NoSuchMethodError'{0x00000000852a0050}: java.lang.invoke.DirectMethodHandle$Holder.invokeVirtual(Ljava/lang/Object;Ljava/lang/Object;)V> (0x00000000852a0050) thrown at [./open/src/hotspot/share/interpreter/linkResolver.cpp, line 77
Event: 441.402 Thread 0x000002aa40af6800 Implicit null exception at 0x000002aa311f88b7 to 0x000002aa311f8f04
Event: 448.328 Thread 0x000002aa40207800 Exception <a 'java/io/IOException'{0x0000000084580ac0}> (0x0000000084580ac0) thrown at [./open/src/hotspot/share/prims/jni.cpp, line 611]
Event: 513.305 Thread 0x000002aa40206000 Exception <a 'java/io/IOException'{0x000000008432c7a0}> (0x000000008432c7a0) thrown at [./open/src/hotspot/share/prims/jni.cpp, line 611]
Event: 759.431 Thread 0x000002aa4020b000 Exception <a 'java/io/IOException'{0x00000000842aee88}> (0x00000000842aee88) thrown at [./open/src/hotspot/share/prims/jni.cpp, line 611]

Events (10 events):
Event: 888.105 Thread 0x000002aa4020a000 Uncommon trap: trap_request=0xffffffbe fr.pc=0x000002aa31242644 relative=0x0000000000000444
Event: 888.105 Thread 0x000002aa4020a000 DEOPT PACKING pc=0x000002aa31242644 sp=0x000000b0df0fb210
Event: 888.105 Thread 0x000002aa4020a000 DEOPT UNPACKING pc=0x000002aa295783af sp=0x000000b0df0fb098 mode 2
Event: 888.105 Thread 0x000002aa4020a000 Uncommon trap: trap_request=0xffffffbe fr.pc=0x000002aa31242644 relative=0x0000000000000444
Event: 888.105 Thread 0x000002aa4020a000 DEOPT PACKING pc=0x000002aa31242644 sp=0x000000b0df0fb210
Event: 888.105 Thread 0x000002aa4020a000 DEOPT UNPACKING pc=0x000002aa295783af sp=0x000000b0df0fb098 mode 2
Event: 888.134 Executing VM operation: RevokeBias
Event: 888.134 Executing VM operation: RevokeBias done
Event: 888.134 loading class com/fasterxml/jackson/databind/ser/impl/PropertySerializerMap$Multi
Event: 888.134 loading class com/fasterxml/jackson/databind/ser/impl/PropertySerializerMap$Multi done


Dynamic libraries:
0x00007ff7b4800000 - 0x00007ff7b480f000 	C:\Program Files\Java\jdk-11.0.15\bin\java.exe
0x00007ffc19190000 - 0x00007ffc19388000 	C:\Windows\SYSTEM32\ntdll.dll
0x00007ffc182c0000 - 0x00007ffc1837d000 	C:\Windows\System32\KERNEL32.DLL
0x00007ffc16a10000 - 0x00007ffc16cde000 	C:\Windows\System32\KERNELBASE.dll
0x00007ffc16e50000 - 0x00007ffc16f50000 	C:\Windows\System32\ucrtbase.dll
0x00007ffc04550000 - 0x00007ffc04568000 	C:\Program Files\Java\jdk-11.0.15\bin\jli.dll
0x00007ffc172a0000 - 0x00007ffc1734e000 	C:\Windows\System32\ADVAPI32.dll
0x00007ffc17870000 - 0x00007ffc1790e000 	C:\Windows\System32\msvcrt.dll
0x00007ffc17760000 - 0x00007ffc177fc000 	C:\Windows\System32\sechost.dll
0x00007ffc17b90000 - 0x00007ffc17cb5000 	C:\Windows\System32\RPCRT4.dll
0x00007ffc18f20000 - 0x00007ffc190c0000 	C:\Windows\System32\USER32.dll
0x00007ffc16ce0000 - 0x00007ffc16d02000 	C:\Windows\System32\win32u.dll
0x00007ffc17350000 - 0x00007ffc1737a000 	C:\Windows\System32\GDI32.dll
0x00007ffc17040000 - 0x00007ffc1714b000 	C:\Windows\System32\gdi32full.dll
0x00007ffc17150000 - 0x00007ffc171ed000 	C:\Windows\System32\msvcp_win.dll
0x00007ffc04530000 - 0x00007ffc04545000 	C:\Program Files\Java\jdk-11.0.15\bin\VCRUNTIME140.dll
0x00007ffc04290000 - 0x00007ffc0452a000 	C:\Windows\WinSxS\amd64_microsoft.windows.common-controls_6595b64144ccf1df_6.0.19041.1110_none_60b5254171f9507e\COMCTL32.dll
0x00007ffc0e910000 - 0x00007ffc0e91a000 	C:\Windows\SYSTEM32\VERSION.dll
0x00007ffc190c0000 - 0x00007ffc190f0000 	C:\Windows\System32\IMM32.DLL
0x00007ffc04080000 - 0x00007ffc0411b000 	C:\Program Files\Java\jdk-11.0.15\bin\msvcp140.dll
0x00007ffc03560000 - 0x00007ffc04076000 	C:\Program Files\Java\jdk-11.0.15\bin\server\jvm.dll
0x00007ffc17a90000 - 0x00007ffc17a98000 	C:\Windows\System32\PSAPI.DLL
0x00007ffc08050000 - 0x00007ffc08059000 	C:\Windows\SYSTEM32\WSOCK32.dll
0x00007ffc17800000 - 0x00007ffc1786b000 	C:\Windows\System32\WS2_32.dll
0x00007ffc03530000 - 0x00007ffc03557000 	C:\Windows\SYSTEM32\WINMM.dll
0x00007ffc14790000 - 0x00007ffc147a2000 	C:\Windows\SYSTEM32\kernel.appcore.dll
0x00007ffc03520000 - 0x00007ffc03530000 	C:\Program Files\Java\jdk-11.0.15\bin\verify.dll
0x00007ffc07e60000 - 0x00007ffc08044000 	C:\Windows\SYSTEM32\DBGHELP.DLL
0x00007ffc080a0000 - 0x00007ffc080cc000 	C:\Windows\SYSTEM32\dbgcore.DLL
0x00007ffc16dc0000 - 0x00007ffc16e42000 	C:\Windows\System32\bcryptPrimitives.dll
0x00007ffc034f0000 - 0x00007ffc03518000 	C:\Program Files\Java\jdk-11.0.15\bin\java.dll
0x00007ffc034e0000 - 0x00007ffc034ea000 	C:\Program Files\Java\jdk-11.0.15\bin\jimage.dll
0x00007ffbfe1b0000 - 0x00007ffbfe1be000 	C:\Program Files\Java\jdk-11.0.15\bin\instrument.dll
0x00007ffc034c0000 - 0x00007ffc034d6000 	C:\Program Files\Java\jdk-11.0.15\bin\zip.dll
0x00007ffc187d0000 - 0x00007ffc18f14000 	C:\Windows\System32\SHELL32.dll
0x00007ffc14990000 - 0x00007ffc15124000 	C:\Windows\SYSTEM32\windows.storage.dll
0x00007ffc173e0000 - 0x00007ffc17734000 	C:\Windows\System32\combase.dll
0x00007ffc16160000 - 0x00007ffc16190000 	C:\Windows\SYSTEM32\Wldp.dll
0x00007ffc18570000 - 0x00007ffc1861d000 	C:\Windows\System32\SHCORE.dll
0x00007ffc190f0000 - 0x00007ffc19145000 	C:\Windows\System32\shlwapi.dll
0x00007ffc167f0000 - 0x00007ffc1680f000 	C:\Windows\SYSTEM32\profapi.dll
0x00007ffc031d0000 - 0x00007ffc031e9000 	C:\Program Files\Java\jdk-11.0.15\bin\net.dll
0x00007ffc0e370000 - 0x00007ffc0e47a000 	C:\Windows\SYSTEM32\WINHTTP.dll
0x00007ffc15f40000 - 0x00007ffc15faa000 	C:\Windows\system32\mswsock.dll
0x00007ffc031b0000 - 0x00007ffc031c2000 	C:\Program Files\Java\jdk-11.0.15\bin\nio.dll
0x00007ffbf5c70000 - 0x00007ffbf5c8a000 	C:\Program Files\JetBrains\IntelliJ IDEA Community Edition 2022.2.1\bin\breakgen64.dll
0x00007ffc15c50000 - 0x00007ffc15c8b000 	C:\Windows\SYSTEM32\IPHLPAPI.DLL
0x00007ffc17a80000 - 0x00007ffc17a88000 	C:\Windows\System32\NSI.dll
0x00007ffc0f460000 - 0x00007ffc0f477000 	C:\Windows\SYSTEM32\dhcpcsvc6.DLL
0x00007ffc0f440000 - 0x00007ffc0f45d000 	C:\Windows\SYSTEM32\dhcpcsvc.DLL
0x00007ffc15ca0000 - 0x00007ffc15d6a000 	C:\Windows\SYSTEM32\DNSAPI.dll
0x00007ffc0e000000 - 0x00007ffc0e00a000 	C:\Windows\System32\rasadhlp.dll
0x00007ffc0e5e0000 - 0x00007ffc0e660000 	C:\Windows\System32\fwpuclnt.dll
0x00007ffc16f50000 - 0x00007ffc16f77000 	C:\Windows\System32\bcrypt.dll
0x00007ffc04750000 - 0x00007ffc04759000 	C:\Program Files\Java\jdk-11.0.15\bin\management.dll
0x00007ffc04740000 - 0x00007ffc0474b000 	C:\Program Files\Java\jdk-11.0.15\bin\management_ext.dll
0x00007ffbfcf50000 - 0x00007ffbfcf67000 	C:\Windows\system32\napinsp.dll
0x00007ffbfcf30000 - 0x00007ffbfcf4b000 	C:\Windows\system32\pnrpnsp.dll
0x00007ffbfcf10000 - 0x00007ffbfcf25000 	C:\Windows\system32\wshbth.dll
0x00007ffc12270000 - 0x00007ffc1228d000 	C:\Windows\system32\NLAapi.dll
0x00007ffbfcef0000 - 0x00007ffbfcf02000 	C:\Windows\System32\winrnr.dll
0x00007ffc161a0000 - 0x00007ffc161b8000 	C:\Windows\SYSTEM32\CRYPTSP.dll
0x00007ffc158e0000 - 0x00007ffc15914000 	C:\Windows\system32\rsaenh.dll
0x00007ffc16770000 - 0x00007ffc1679e000 	C:\Windows\SYSTEM32\USERENV.dll
0x00007ffc160d0000 - 0x00007ffc160dc000 	C:\Windows\SYSTEM32\CRYPTBASE.dll

dbghelp: loaded successfully - version: 4.0.5 - missing functions: none
symbol engine: initialized successfully - sym options: 0x614 - pdb path: .;C:\Program Files\Java\jdk-11.0.15\bin;C:\Windows\SYSTEM32;C:\Windows\WinSxS\amd64_microsoft.windows.common-controls_6595b64144ccf1df_6.0.19041.1110_none_60b5254171f9507e;C:\Program Files\Java\jdk-11.0.15\bin\server;C:\Program Files\JetBrains\IntelliJ IDEA Community Edition 2022.2.1\bin

VM Arguments:
jvm_args: -javaagent:C:\Program Files\JetBrains\IntelliJ IDEA Community Edition 2022.2.1\lib\idea_rt.jar=51021:C:\Program Files\JetBrains\IntelliJ IDEA Community Edition 2022.2.1\bin -Dfile.encoding=UTF-8 
java_command: com.training.example.ConfigServerApplication
java_class_path (initial): C:\Users\sfjbs\Downloads\spring-cloud-config-local-main\spring-cloud-config-local-main\spring-cloud-config-server\target\classes;C:\Users\sfjbs\.m2\repository\org\springframework\cloud\spring-cloud-config-server\3.1.1\spring-cloud-config-server-3.1.1.jar;C:\Users\sfjbs\.m2\repository\org\springframework\cloud\spring-cloud-config-client\3.1.1\spring-cloud-config-client-3.1.1.jar;C:\Users\sfjbs\.m2\repository\org\springframework\boot\spring-boot-autoconfigure\2.6.2\spring-boot-autoconfigure-2.6.2.jar;C:\Users\sfjbs\.m2\repository\org\springframework\boot\spring-boot\2.6.2\spring-boot-2.6.2.jar;C:\Users\sfjbs\.m2\repository\org\springframework\cloud\spring-cloud-commons\3.1.1\spring-cloud-commons-3.1.1.jar;C:\Users\sfjbs\.m2\repository\org\springframework\cloud\spring-cloud-context\3.1.1\spring-cloud-context-3.1.1.jar;C:\Users\sfjbs\.m2\repository\org\springframework\spring-web\5.3.14\spring-web-5.3.14.jar;C:\Users\sfjbs\.m2\repository\org\springframework\spring-beans\5.3.14\spring-beans-5.3.14.jar;C:\Users\sfjbs\.m2\repository\org\springframework\spring-core\5.3.14\spring-core-5.3.14.jar;C:\Users\sfjbs\.m2\repository\org\springframework\spring-jcl\5.3.14\spring-jcl-5.3.14.jar;C:\Users\sfjbs\.m2\repository\com\fasterxml\jackson\core\jackson-annotations\2.13.1\jackson-annotations-2.13.1.jar;C:\Users\sfjbs\.m2\repository\com\fasterxml\jackson\core\jackson-databind\2.13.1\jackson-databind-2.13.1.jar;C:\Users\sfjbs\.m2\repository\org\apache\httpcomponents\httpclient\4.5.13\httpclient-4.5.13.jar;C:\Users\sfjbs\.m2\repository\commons-codec\commons-codec\1.15\commons-codec-1.15.jar;C:\Users\sfjbs\.m2\repository\org\springframework\boot\spring-boot-starter-web\2.6.2\spring-boot-starter-web-2.6.2.jar;C:\Users\sfjbs\.m2\repository\org\springframework\boot\spring-boot-starter\2.6.2\spring-boot-starter-2.6.2.jar;C:\Users\sfjbs\.m2\repository\org\springframework\boot\spring-boot-starter-logging\2.6.2\spring-boot-starter-logging-2.6.2.jar;C:\Users\sfjbs\
Launcher Type: SUN_STANDARD

[Global flags]
     intx CICompilerCount                          = 2                                         {product} {ergonomic}
     uint ConcGCThreads                            = 1                                         {product} {ergonomic}
     uint G1ConcRefinementThreads                  = 2                                         {product} {ergonomic}
   size_t G1HeapRegionSize                         = 1048576                                   {product} {ergonomic}
    uintx GCDrainStackTargetSize                   = 64                                        {product} {ergonomic}
   size_t InitialHeapSize                          = 134217728                                 {product} {ergonomic}
   size_t MarkStackSize                            = 4194304                                   {product} {ergonomic}
   size_t MaxHeapSize                              = 2147483648                                {product} {ergonomic}
   size_t MaxNewSize                               = 1287651328                                {product} {ergonomic}
   size_t MinHeapDeltaBytes                        = 1048576                                   {product} {ergonomic}
    uintx NonNMethodCodeHeapSize                   = 5825164                                {pd product} {ergonomic}
    uintx NonProfiledCodeHeapSize                  = 122916538                              {pd product} {ergonomic}
    uintx ProfiledCodeHeapSize                     = 122916538                              {pd product} {ergonomic}
    uintx ReservedCodeCacheSize                    = 251658240                              {pd product} {ergonomic}
     bool SegmentedCodeCache                       = true                                      {product} {ergonomic}
     bool UseCompressedClassPointers               = true                                 {lp64_product} {ergonomic}
     bool UseCompressedOops                        = true                                 {lp64_product} {ergonomic}
     bool UseG1GC                                  = true                                      {product} {ergonomic}
     bool UseLargePagesIndividualAllocation        = false                                  {pd product} {ergonomic}

Logging:
Log output configuration:
 #0: stdout all=warning uptime,level,tags
 #1: stderr all=off uptime,level,tags

Environment Variables:
PATH=C:\Program Files\Common Files\Oracle\Java\javapath;C:\Windows\system32;C:\Windows;C:\Windows\System32\Wbem;C:\Windows\System32\WindowsPowerShell\v1.0\;C:\Windows\System32\OpenSSH\;C:\Program Files\PuTTY\;C:\Program Files\Git\cmd;C:\Program Files\Docker\Docker\resources\bin;C:\ProgramData\DockerDesktop\version-bin;C:\Users\sfjbs\Downloads\apache-maven-3.8.6-bin\apache-maven-3.8.6\bin;C:\Users\sfjbs\Downloads\apache-maven-3.8.6-bin\apache-maven-3.8.6\lib;C:\Users\sfjbs\AppData\Local\Microsoft\WindowsApps;C:\Program Files\JetBrains\IntelliJ IDEA Community Edition 2022.2.1\bin;;C:\Users\sfjbs\Downloads\apache-maven-3.8.6-bin\apache-maven-3.8.6\bin;C:\Users\sfjbs\Downloads\apache-maven-3.8.6-bin\apache-maven-3.8.6\lib;
USERNAME=sfjbs
OS=Windows_NT
PROCESSOR_IDENTIFIER=Intel64 Family 6 Model 85 Stepping 7, GenuineIntel



---------------  S Y S T E M  ---------------

OS: Windows 10 , 64 bit Build 19041 (10.0.19041.1889)
Hyper-V role detected

CPU:total 2 (initial active 2) (1 cores per cpu, 2 threads per core) family 6 model 85 stepping 7 microcode 0xffffffff, cmov, cx8, fxsr, mmx, sse, sse2, sse3, ssse3, sse4.1, sse4.2, popcnt, avx, avx2, aes, clmul, erms, rtm, 3dnowpref, lzcnt, ht, tsc, bmi1, bmi2, adx, evex, fma

Memory: 4k page, system-wide physical 8190M (1084M free)
TotalPageFile size 10238M (AvailPageFile size 4M)
current process WorkingSet (physical memory assigned to process): 222M, peak: 222M
current process commit charge ("private bytes"): 315M, peak: 317M

vm_info: Java HotSpot(TM) 64-Bit Server VM (11.0.15+8-LTS-149) for windows-amd64 JRE (11.0.15+8-LTS-149), built on Mar  9 2022 22:42:32 by "mach5one" with MS VC++ 15.9 (VS2017)

END.
